<?xml version="1.0" encoding="UTF-8"?>
<!-- Generated by org.testng.reporters.JUnitXMLReporter -->
<testsuite ignored="2" hostname="LAPTOP-8QDITK34" failures="2" tests="4" name="Test" time="78.724" errors="0" timestamp="2022-07-08T13:29:43 IST">
  <testcase classname="com.crm.proxima.Sample.CreateProductTest" name="createAndEditProductTest" time="15.719"/>
  <testcase classname="com.crm.proxima.Sample.CreateProductTest" name="createProductTest" time="6.349">
    <failure type="java.lang.AssertionError" message="null">
      <![CDATA[java.lang.AssertionError: null
at com.crm.proxima.Sample.CreateProductTest.createProductTest(CreateProductTest.java:23)
at java.base/java.util.ArrayList.forEach(ArrayList.java:1511)
... Removed 29 stack frames]]>
    </failure>
  </testcase> <!-- createProductTest -->
  <testcase classname="com.crm.proxima.Sample.CreatePurchaseOrderTest" name="createPurchaseOrderWithVendorAndCoontactName" time="20.668"/>
  <testcase classname="com.crm.proxima.Sample.CreatePurchaseOrderTest" name="createPurchaseOrderWithVendorNameTest" time="8.822">
    <failure type="java.lang.AssertionError" message="null">
      <![CDATA[java.lang.AssertionError: null
at com.crm.proxima.Sample.CreatePurchaseOrderTest.createPurchaseOrderWithVendorNameTest(CreatePurchaseOrderTest.java:36)
at java.base/java.util.ArrayList.forEach(ArrayList.java:1511)
... Removed 29 stack frames]]>
    </failure>
  </testcase> <!-- createPurchaseOrderWithVendorNameTest -->
  <testcase classname="com.crm.proximus.genericUtility.BaseClass" name="@AfterSuite closeConnectionToDatabase" time="0.0">
    <ignored/>
  </testcase> <!-- @AfterSuite closeConnectionToDatabase -->
  <testcase classname="com.crm.proximus.genericUtility.BaseClass" name="@BeforeSuite connectToDatabase" time="0.0">
    <ignored/>
  </testcase> <!-- @BeforeSuite connectToDatabase -->
</testsuite> <!-- Test -->
